[debug] [2020-09-24T02:11:06.235Z] ----------------------------------------------------------------------
[debug] [2020-09-24T02:11:06.238Z] Command:       /usr/local/bin/node /usr/local/bin/firebase login:ci
[debug] [2020-09-24T02:11:06.238Z] CLI Version:   8.10.0
[debug] [2020-09-24T02:11:06.239Z] Platform:      linux
[debug] [2020-09-24T02:11:06.239Z] Node Version:  v14.3.0
[debug] [2020-09-24T02:11:06.240Z] Time:          Thu Sep 24 2020 02:11:06 GMT+0000 (Coordinated Universal Time)
[debug] [2020-09-24T02:11:06.241Z] ----------------------------------------------------------------------
[debug] [2020-09-24T02:11:06.241Z] 
[info] 
[info] Visit this URL on this device to log in:
[info] https://accounts.google.com/o/oauth2/auth?client_id=563584335869-fgrhgmd47bqnekij5i8b5pr03ho849e6.apps.googleusercontent.com&scope=email%20openid%20https%3A%2F%2Fwww.googleapis.com%2Fauth%2Fcloudplatformprojects.readonly%20https%3A%2F%2Fwww.googleapis.com%2Fauth%2Ffirebase%20https%3A%2F%2Fwww.googleapis.com%2Fauth%2Fcloud-platform&response_type=code&state=657923873&redirect_uri=http%3A%2F%2Flocalhost%3A9005
[info] 
[info] Waiting for authentication...
[debug] [2020-09-24T02:15:30.062Z] ----------------------------------------------------------------------
[debug] [2020-09-24T02:15:30.065Z] Command:       /usr/local/bin/node /usr/local/bin/firebase login:ci
[debug] [2020-09-24T02:15:30.066Z] CLI Version:   8.10.0
[debug] [2020-09-24T02:15:30.066Z] Platform:      linux
[debug] [2020-09-24T02:15:30.066Z] Node Version:  v14.3.0
[debug] [2020-09-24T02:15:30.066Z] Time:          Thu Sep 24 2020 02:15:30 GMT+0000 (Coordinated Universal Time)
[debug] [2020-09-24T02:15:30.066Z] ----------------------------------------------------------------------
[debug] [2020-09-24T02:15:30.066Z] 
[info] 
[info] Visit this URL on this device to log in:
[info] https://accounts.google.com/o/oauth2/auth?client_id=563584335869-fgrhgmd47bqnekij5i8b5pr03ho849e6.apps.googleusercontent.com&scope=email%20openid%20https%3A%2F%2Fwww.googleapis.com%2Fauth%2Fcloudplatformprojects.readonly%20https%3A%2F%2Fwww.googleapis.com%2Fauth%2Ffirebase%20https%3A%2F%2Fwww.googleapis.com%2Fauth%2Fcloud-platform&response_type=code&state=265077963&redirect_uri=http%3A%2F%2Flocalhost%3A9005
[info] 
[info] Waiting for authentication...
